2018-07-01 21:44:26,259 ERROR (UserController.java:96)-  Request: user id is 1
2018-07-01 21:48:24,366 INFO (SpringApplication.java:593)- No active profile set, falling back to default profiles: default
2018-07-01 21:48:28,284 INFO (SpringApplication.java:593)- No active profile set, falling back to default profiles: default
2018-07-01 21:48:31,328 INFO (StartupInfoLogger.java:57)- Started HystrixConsumerRibbonApplication in 8.579 seconds (JVM running for 9.94)
2018-07-01 21:48:37,221 INFO (EventConfig.java:25)- 订单创建，待支付
2018-07-01 21:48:37,231 INFO (EventConfig.java:35)- 用户完成支付，待收货: start
2018-07-01 21:48:37,231 INFO (EventConfig.java:30)- 用户完成支付，待收货
2018-07-01 21:48:37,232 INFO (EventConfig.java:40)- 用户完成支付，待收货: end
2018-07-01 21:48:37,237 INFO (EventConfig.java:45)- 用户已收货，订单完成
2018-07-01 21:48:37,239 INFO (StartupInfoLogger.java:57)- Started ProviderServiceApplication in 10.428 seconds (JVM running for 12.187)
2018-07-01 21:59:18,193 INFO (SpringApplication.java:593)- No active profile set, falling back to default profiles: default
2018-07-01 21:59:23,227 INFO (StartupInfoLogger.java:57)- Started HystrixConsumerRibbonApplication in 6.387 seconds (JVM running for 661.838)
2018-07-01 21:59:34,284 INFO (SpringApplication.java:593)- No active profile set, falling back to default profiles: default
2018-07-01 21:59:36,848 INFO (StartupInfoLogger.java:57)- Started HystrixConsumerRibbonApplication in 3.744 seconds (JVM running for 675.459)
2018-07-01 21:59:54,962 INFO (SpringApplication.java:593)- No active profile set, falling back to default profiles: default
2018-07-01 22:00:00,946 INFO (StartupInfoLogger.java:57)- Started HystrixConsumerRibbonApplication in 6.673 seconds (JVM running for 699.557)
2018-07-01 22:01:12,135 INFO (SpringApplication.java:593)- No active profile set, falling back to default profiles: default
2018-07-01 22:01:14,383 INFO (StartupInfoLogger.java:57)- Started HystrixConsumerRibbonApplication in 2.946 seconds (JVM running for 772.995)
2018-07-01 22:01:29,022 INFO (WebLogAspect.java:47)- URL : http://192.168.5.1:9001/users/1
2018-07-01 22:01:29,029 INFO (WebLogAspect.java:48)- HTTP_METHOD : GET
2018-07-01 22:01:29,029 INFO (WebLogAspect.java:49)- IP : 192.168.5.1
2018-07-01 22:01:29,031 INFO (WebLogAspect.java:50)- CLASS_METHOD : xyz.wongs.web.UserController.getUser
2018-07-01 22:01:29,031 INFO (WebLogAspect.java:51)- ARGS : [1]
2018-07-01 22:01:29,089 INFO (WebLogAspect.java:69)- RESPONSE : xyz.wongs.domain.User@3b4a95a8
2018-07-01 22:01:29,089 INFO (WebLogAspect.java:70)- SPEND TIME : 67
2018-07-01 22:01:38,255 ERROR (UserController.java:98)-  Request: user id is 1
2018-07-01 22:01:38,610 INFO (WebLogAspect.java:47)- URL : http://192.168.5.1:9001/users/1
2018-07-01 22:01:38,613 INFO (WebLogAspect.java:48)- HTTP_METHOD : GET
2018-07-01 22:01:38,617 INFO (WebLogAspect.java:49)- IP : 192.168.5.1
2018-07-01 22:01:38,617 INFO (WebLogAspect.java:50)- CLASS_METHOD : xyz.wongs.web.UserController.getUser
2018-07-01 22:01:38,617 INFO (WebLogAspect.java:51)- ARGS : [1]
2018-07-01 22:01:38,620 INFO (WebLogAspect.java:69)- RESPONSE : xyz.wongs.domain.User@429e9a76
2018-07-01 22:01:38,623 INFO (WebLogAspect.java:70)- SPEND TIME : 13
