2018-07-01 22:21:28,240 ERROR (UserController.java:98)-  Request: user id is 1
2018-07-01 22:21:32,189 ERROR (UserController.java:98)-  Request: user id is 1
2018-07-01 22:21:38,510 ERROR (UserController.java:98)-  Request: user id is 1
2018-07-01 22:21:40,887 ERROR (UserController.java:98)-  Request: user id is 1
2018-07-01 22:21:43,198 ERROR (UserController.java:98)-  Request: user id is 1
2018-07-01 22:21:43,435 ERROR (UserController.java:98)-  Request: user id is 1
2018-07-01 22:22:31,817 ERROR (UserController.java:98)-  Request: user id is 1
2018-07-01 22:22:33,346 ERROR (UserController.java:98)-  Request: user id is 1
2018-07-01 22:22:41,044 INFO (SpringApplication.java:593)- No active profile set, falling back to default profiles: default
2018-07-01 22:22:49,994 INFO (EventConfig.java:25)- 订单创建，待支付
2018-07-01 22:22:50,003 INFO (EventConfig.java:35)- 用户完成支付，待收货: start
2018-07-01 22:22:50,003 INFO (EventConfig.java:30)- 用户完成支付，待收货
2018-07-01 22:22:50,004 INFO (EventConfig.java:40)- 用户完成支付，待收货: end
2018-07-01 22:22:50,005 INFO (EventConfig.java:45)- 用户已收货，订单完成
2018-07-01 22:22:50,007 INFO (StartupInfoLogger.java:57)- Started ProviderServiceApplication in 10.487 seconds (JVM running for 12.419)
2018-07-01 22:22:58,776 ERROR (UserController.java:98)-  Request: user id is 1
2018-07-01 22:23:03,349 ERROR (UserController.java:98)-  Request: user id is 1
2018-07-01 22:23:04,704 ERROR (UserController.java:98)-  Request: user id is 1
2018-07-01 22:23:06,590 ERROR (UserController.java:98)-  Request: user id is 1
2018-07-01 22:23:07,575 ERROR (UserController.java:98)-  Request: user id is 1
2018-07-01 22:23:08,260 ERROR (UserController.java:98)-  Request: user id is 1
2018-07-01 22:23:10,237 ERROR (UserController.java:98)-  Request: user id is 1
2018-07-01 22:23:15,183 ERROR (UserController.java:98)-  Request: user id is 1
2018-07-01 22:23:37,027 ERROR (UserController.java:98)-  Request: user id is 1
2018-07-01 22:23:38,478 ERROR (UserController.java:98)-  Request: user id is 1
2018-07-01 22:24:04,227 ERROR (UserController.java:98)-  Request: user id is 1
2018-07-01 22:24:04,346 INFO (WebLogAspect.java:47)- URL : http://192.168.5.1:9001/users/1
2018-07-01 22:24:04,353 INFO (WebLogAspect.java:48)- HTTP_METHOD : GET
2018-07-01 22:24:04,353 INFO (WebLogAspect.java:49)- IP : 192.168.5.1
2018-07-01 22:24:04,355 INFO (WebLogAspect.java:50)- CLASS_METHOD : xyz.wongs.web.UserController.getUser
2018-07-01 22:24:04,355 INFO (WebLogAspect.java:51)- ARGS : [1]
2018-07-01 22:24:04,415 INFO (WebLogAspect.java:69)- RESPONSE : xyz.wongs.domain.User@6b510e89
2018-07-01 22:24:04,416 INFO (WebLogAspect.java:70)- SPEND TIME : 70
2018-07-01 22:24:06,261 ERROR (UserController.java:98)-  Request: user id is 1
2018-07-01 22:24:06,267 INFO (WebLogAspect.java:47)- URL : http://192.168.5.1:9001/users/1
2018-07-01 22:24:06,270 INFO (WebLogAspect.java:48)- HTTP_METHOD : GET
2018-07-01 22:24:06,273 INFO (WebLogAspect.java:49)- IP : 192.168.5.1
2018-07-01 22:24:06,273 INFO (WebLogAspect.java:50)- CLASS_METHOD : xyz.wongs.web.UserController.getUser
2018-07-01 22:24:06,273 INFO (WebLogAspect.java:51)- ARGS : [1]
2018-07-01 22:24:06,277 INFO (WebLogAspect.java:69)- RESPONSE : xyz.wongs.domain.User@577c0507
2018-07-01 22:24:06,279 INFO (WebLogAspect.java:70)- SPEND TIME : 12
2018-07-01 22:24:09,070 ERROR (UserController.java:98)-  Request: user id is 1
2018-07-01 22:24:09,076 INFO (WebLogAspect.java:47)- URL : http://192.168.5.1:9001/users/1
2018-07-01 22:24:09,079 INFO (WebLogAspect.java:48)- HTTP_METHOD : GET
2018-07-01 22:24:09,079 INFO (WebLogAspect.java:49)- IP : 192.168.5.1
2018-07-01 22:24:09,082 INFO (WebLogAspect.java:50)- CLASS_METHOD : xyz.wongs.web.UserController.getUser
2018-07-01 22:24:09,082 INFO (WebLogAspect.java:51)- ARGS : [1]
2018-07-01 22:24:09,086 INFO (WebLogAspect.java:69)- RESPONSE : xyz.wongs.domain.User@2b60ab3b
2018-07-01 22:24:09,086 INFO (WebLogAspect.java:70)- SPEND TIME : 10
2018-07-01 22:24:10,483 ERROR (UserController.java:98)-  Request: user id is 1
2018-07-01 22:24:10,488 INFO (WebLogAspect.java:47)- URL : http://192.168.5.1:9001/users/1
2018-07-01 22:24:10,492 INFO (WebLogAspect.java:48)- HTTP_METHOD : GET
2018-07-01 22:24:10,494 INFO (WebLogAspect.java:49)- IP : 192.168.5.1
2018-07-01 22:24:10,495 INFO (WebLogAspect.java:50)- CLASS_METHOD : xyz.wongs.web.UserController.getUser
2018-07-01 22:24:10,497 INFO (WebLogAspect.java:51)- ARGS : [1]
2018-07-01 22:24:10,499 INFO (WebLogAspect.java:69)- RESPONSE : xyz.wongs.domain.User@1fb08fb6
2018-07-01 22:24:10,500 INFO (WebLogAspect.java:70)- SPEND TIME : 12
2018-07-01 22:24:12,288 ERROR (UserController.java:98)-  Request: user id is 1
2018-07-01 22:24:12,296 INFO (WebLogAspect.java:47)- URL : http://192.168.5.1:9001/users/1
2018-07-01 22:24:12,299 INFO (WebLogAspect.java:48)- HTTP_METHOD : GET
2018-07-01 22:24:12,300 INFO (WebLogAspect.java:49)- IP : 192.168.5.1
2018-07-01 22:24:12,302 INFO (WebLogAspect.java:50)- CLASS_METHOD : xyz.wongs.web.UserController.getUser
2018-07-01 22:24:12,302 INFO (WebLogAspect.java:51)- ARGS : [1]
2018-07-01 22:24:12,308 INFO (WebLogAspect.java:69)- RESPONSE : xyz.wongs.domain.User@6b247f42
2018-07-01 22:24:12,309 INFO (WebLogAspect.java:70)- SPEND TIME : 13
2018-07-01 23:08:08,012 INFO (SpringApplication.java:593)- No active profile set, falling back to default profiles: default
2018-07-01 23:08:10,397 INFO (StartupInfoLogger.java:57)- Started HystrixConsumerRibbonApplication in 2.93 seconds (JVM running for 4789.008)
2018-07-01 23:08:25,887 INFO (SpringApplication.java:593)- No active profile set, falling back to default profiles: default
2018-07-01 23:08:28,210 INFO (StartupInfoLogger.java:57)- Started HystrixConsumerRibbonApplication in 3.053 seconds (JVM running for 4806.821)
2018-07-01 23:08:33,865 INFO (SpringApplication.java:593)- No active profile set, falling back to default profiles: default
2018-07-01 23:08:36,310 INFO (StartupInfoLogger.java:57)- Started HystrixConsumerRibbonApplication in 3.12 seconds (JVM running for 4814.922)
2018-07-01 23:08:40,652 INFO (SpringApplication.java:593)- No active profile set, falling back to default profiles: default
2018-07-01 23:08:43,724 INFO (StartupInfoLogger.java:57)- Started HystrixConsumerRibbonApplication in 3.883 seconds (JVM running for 4822.335)
2018-07-01 23:08:49,068 INFO (SpringApplication.java:593)- No active profile set, falling back to default profiles: default
2018-07-01 23:08:52,022 INFO (StartupInfoLogger.java:57)- Started HystrixConsumerRibbonApplication in 4.161 seconds (JVM running for 4830.634)
2018-07-01 23:09:10,184 INFO (SpringApplication.java:593)- No active profile set, falling back to default profiles: default
2018-07-01 23:09:12,724 INFO (StartupInfoLogger.java:57)- Started HystrixConsumerRibbonApplication in 3.131 seconds (JVM running for 4851.336)
2018-07-01 23:09:24,000 INFO (SpringApplication.java:593)- No active profile set, falling back to default profiles: default
2018-07-01 23:09:26,541 INFO (StartupInfoLogger.java:57)- Started HystrixConsumerRibbonApplication in 3.123 seconds (JVM running for 4865.153)
2018-07-01 23:09:40,228 ERROR (UserController.java:100)-  Request: user id is 1
2018-07-01 23:09:40,310 INFO (WebLogAspect.java:47)- URL : http://192.168.5.1:9001/users/1
2018-07-01 23:09:40,313 INFO (WebLogAspect.java:48)- HTTP_METHOD : GET
2018-07-01 23:09:40,315 INFO (WebLogAspect.java:49)- IP : 192.168.5.1
2018-07-01 23:09:40,316 INFO (WebLogAspect.java:50)- CLASS_METHOD : xyz.wongs.web.UserController.getUser
2018-07-01 23:09:40,316 INFO (WebLogAspect.java:51)- ARGS : [1]
2018-07-01 23:09:40,323 INFO (WebLogAspect.java:69)- RESPONSE : xyz.wongs.domain.User@1dc45780
2018-07-01 23:09:40,326 INFO (WebLogAspect.java:70)- SPEND TIME : 16
2018-07-01 23:12:22,579 ERROR (UserController.java:100)-  Request: user id is 1
2018-07-01 23:12:22,585 INFO (WebLogAspect.java:47)- URL : http://192.168.5.1:9001/users/1
2018-07-01 23:12:22,588 INFO (WebLogAspect.java:48)- HTTP_METHOD : GET
2018-07-01 23:12:22,588 INFO (WebLogAspect.java:49)- IP : 192.168.5.1
2018-07-01 23:12:22,591 INFO (WebLogAspect.java:50)- CLASS_METHOD : xyz.wongs.web.UserController.getUser
2018-07-01 23:12:22,591 INFO (WebLogAspect.java:51)- ARGS : [1]
2018-07-01 23:12:22,594 INFO (WebLogAspect.java:69)- RESPONSE : xyz.wongs.domain.User@574df441
2018-07-01 23:12:22,595 INFO (WebLogAspect.java:70)- SPEND TIME : 10
2018-07-01 23:34:17,675 ERROR (UserController.java:100)-  Request: user id is 1
2018-07-01 23:34:17,682 INFO (WebLogAspect.java:47)- URL : http://192.168.5.1:9001/users/1
2018-07-01 23:34:17,685 INFO (WebLogAspect.java:48)- HTTP_METHOD : GET
2018-07-01 23:34:17,687 INFO (WebLogAspect.java:49)- IP : 192.168.5.1
2018-07-01 23:34:17,688 INFO (WebLogAspect.java:50)- CLASS_METHOD : xyz.wongs.web.UserController.getUser
2018-07-01 23:34:17,692 INFO (WebLogAspect.java:51)- ARGS : [1]
2018-07-01 23:34:17,697 INFO (WebLogAspect.java:69)- RESPONSE : xyz.wongs.domain.User@ae863a
2018-07-01 23:34:17,697 INFO (WebLogAspect.java:70)- SPEND TIME : 15
2018-07-01 23:50:27,837 INFO (SpringApplication.java:593)- No active profile set, falling back to default profiles: default
2018-07-01 23:50:30,101 INFO (StartupInfoLogger.java:57)- Started HystrixConsumerFeignApplication in 2.979 seconds (JVM running for 203.129)
2018-07-01 23:51:13,767 INFO (SpringApplication.java:593)- No active profile set, falling back to default profiles: default
2018-07-01 23:51:16,044 INFO (StartupInfoLogger.java:57)- Started HystrixConsumerFeignApplication in 3.337 seconds (JVM running for 249.072)
2018-07-01 23:51:34,069 INFO (WebLogAspect.java:47)- URL : http://192.168.5.1:9001/users/1
2018-07-01 23:51:34,073 INFO (WebLogAspect.java:48)- HTTP_METHOD : GET
2018-07-01 23:51:34,074 INFO (WebLogAspect.java:49)- IP : 192.168.5.1
2018-07-01 23:51:34,074 INFO (WebLogAspect.java:50)- CLASS_METHOD : xyz.wongs.web.UserController.getUser
2018-07-01 23:51:34,074 INFO (WebLogAspect.java:51)- ARGS : [1]
2018-07-01 23:51:34,078 INFO (WebLogAspect.java:69)- RESPONSE : xyz.wongs.domain.User@34925875
2018-07-01 23:51:34,079 INFO (WebLogAspect.java:70)- SPEND TIME : 10
2018-07-01 23:51:38,542 INFO (WebLogAspect.java:47)- URL : http://192.168.5.1:9001/users/2
2018-07-01 23:51:38,546 INFO (WebLogAspect.java:48)- HTTP_METHOD : GET
2018-07-01 23:51:38,549 INFO (WebLogAspect.java:49)- IP : 192.168.5.1
2018-07-01 23:51:38,549 INFO (WebLogAspect.java:50)- CLASS_METHOD : xyz.wongs.web.UserController.getUser
2018-07-01 23:51:38,549 INFO (WebLogAspect.java:51)- ARGS : [2]
2018-07-01 23:51:38,553 INFO (WebLogAspect.java:69)- RESPONSE : xyz.wongs.domain.User@c7a7de0
2018-07-01 23:51:38,557 INFO (WebLogAspect.java:70)- SPEND TIME : 15
2018-07-01 23:51:42,606 INFO (WebLogAspect.java:47)- URL : http://192.168.5.1:9001/users/4
2018-07-01 23:51:42,610 INFO (WebLogAspect.java:48)- HTTP_METHOD : GET
2018-07-01 23:51:42,610 INFO (WebLogAspect.java:49)- IP : 192.168.5.1
2018-07-01 23:51:42,612 INFO (WebLogAspect.java:50)- CLASS_METHOD : xyz.wongs.web.UserController.getUser
2018-07-01 23:51:42,613 INFO (WebLogAspect.java:51)- ARGS : [4]
2018-07-01 23:51:42,616 INFO (WebLogAspect.java:69)- RESPONSE : xyz.wongs.domain.User@7220c41f
2018-07-01 23:51:42,616 INFO (WebLogAspect.java:70)- SPEND TIME : 10
2018-07-01 23:54:05,078 INFO (SpringApplication.java:593)- No active profile set, falling back to default profiles: default
