2018-08-24 10:23:58,682 INFO (StartupInfoLogger.java:57)- Started ZipkinConsumerApplication in 15.766 seconds (JVM running for 17.606)
2018-08-24 10:26:41,195 INFO (SpringApplication.java:593)- No active profile set, falling back to default profiles: default
2018-08-24 10:26:58,058 INFO (EventConfig.java:25)- 订单创建，待支付
2018-08-24 10:26:58,079 INFO (EventConfig.java:35)- 用户完成支付，待收货: start
2018-08-24 10:26:58,080 INFO (EventConfig.java:30)- 用户完成支付，待收货
2018-08-24 10:26:58,082 INFO (EventConfig.java:40)- 用户完成支付，待收货: end
2018-08-24 10:26:58,083 INFO (EventConfig.java:45)- 用户已收货，订单完成
2018-08-24 10:26:58,086 INFO (StartupInfoLogger.java:57)- Started ZipkinProApplication in 21.085 seconds (JVM running for 22.332)
2018-08-24 10:27:42,370 ERROR (UserController.java:88)-  Request: user id is 2
2018-08-24 10:27:42,557 INFO (WebLogAspect.java:47)- URL : http://192.168.137.1:9002/users/2
2018-08-24 10:27:42,564 INFO (WebLogAspect.java:48)- HTTP_METHOD : GET
2018-08-24 10:27:42,564 INFO (WebLogAspect.java:49)- IP : 192.168.137.1
2018-08-24 10:27:42,566 INFO (WebLogAspect.java:50)- CLASS_METHOD : xyz.wongs.web.UserController.getUser
2018-08-24 10:27:42,567 INFO (WebLogAspect.java:51)- ARGS : [2]
2018-08-24 10:27:42,649 INFO (WebLogAspect.java:69)- RESPONSE : xyz.wongs.domain.User@7fe6615e
2018-08-24 10:27:42,650 INFO (WebLogAspect.java:70)- SPEND TIME : 93
2018-08-24 10:29:04,148 INFO (WebLogAspect.java:47)- URL : http://192.168.137.1:9002/users/
2018-08-24 10:29:04,156 INFO (WebLogAspect.java:48)- HTTP_METHOD : GET
2018-08-24 10:29:04,170 INFO (WebLogAspect.java:49)- IP : 192.168.137.1
2018-08-24 10:29:04,171 INFO (WebLogAspect.java:50)- CLASS_METHOD : xyz.wongs.web.UserController.getUserList
2018-08-24 10:29:04,171 INFO (WebLogAspect.java:51)- ARGS : []
2018-08-24 10:29:04,189 INFO (WebLogAspect.java:69)- RESPONSE : [xyz.wongs.domain.User@899971e, xyz.wongs.domain.User@3724d322, xyz.wongs.domain.User@26fa52e4, xyz.wongs.domain.User@464710b1, xyz.wongs.domain.User@2225e00, xyz.wongs.domain.User@138e20a5, xyz.wongs.domain.User@67173d42, xyz.wongs.domain.User@19ab7b89]
2018-08-24 10:29:04,195 INFO (WebLogAspect.java:70)- SPEND TIME : 48
