2018-07-02 09:23:59,296 INFO (WebLogAspect.java:47)- URL : http://134.98.100.65:9001/users/4
2018-07-02 09:23:59,300 INFO (WebLogAspect.java:48)- HTTP_METHOD : GET
2018-07-02 09:23:59,301 INFO (WebLogAspect.java:49)- IP : 134.98.100.65
2018-07-02 09:23:59,301 INFO (WebLogAspect.java:50)- CLASS_METHOD : xyz.wongs.web.UserController.getUser
2018-07-02 09:23:59,301 INFO (WebLogAspect.java:51)- ARGS : [4]
2018-07-02 09:23:59,305 INFO (WebLogAspect.java:69)- RESPONSE : xyz.wongs.domain.User@f6417b7
2018-07-02 09:23:59,305 INFO (WebLogAspect.java:70)- SPEND TIME : 9
2018-07-02 09:30:25,101 INFO (SpringApplication.java:593)- No active profile set, falling back to default profiles: default
2018-07-02 09:30:27,249 INFO (StartupInfoLogger.java:57)- Started HystrixConsumerFeignApplication in 2.763 seconds (JVM running for 428.173)
2018-07-02 09:30:46,508 DEBUG (Slf4jLogger.java:72)- [ProviderService#getUser] ---> GET http://PROVIDER-SERVICE/users/4 HTTP/1.1
2018-07-02 09:30:46,510 DEBUG (Slf4jLogger.java:72)- [ProviderService#getUser] ---> END HTTP (0-byte body)
2018-07-02 09:30:46,584 INFO (WebLogAspect.java:47)- URL : http://134.98.100.65:9001/users/4
2018-07-02 09:30:46,588 INFO (WebLogAspect.java:48)- HTTP_METHOD : GET
2018-07-02 09:30:46,588 INFO (WebLogAspect.java:49)- IP : 134.98.100.65
2018-07-02 09:30:46,592 INFO (WebLogAspect.java:50)- CLASS_METHOD : xyz.wongs.web.UserController.getUser
2018-07-02 09:30:46,592 INFO (WebLogAspect.java:51)- ARGS : [4]
2018-07-02 09:30:46,595 INFO (WebLogAspect.java:69)- RESPONSE : xyz.wongs.domain.User@2aa943e2
2018-07-02 09:30:46,595 INFO (WebLogAspect.java:70)- SPEND TIME : 11
2018-07-02 09:30:46,599 DEBUG (Slf4jLogger.java:72)- [ProviderService#getUser] <--- HTTP/1.1 200 (88ms)
2018-07-02 09:30:46,599 DEBUG (Slf4jLogger.java:72)- [ProviderService#getUser] content-type: application/json;charset=UTF-8
2018-07-02 09:30:46,599 DEBUG (Slf4jLogger.java:72)- [ProviderService#getUser] date: Mon, 02 Jul 2018 01:30:46 GMT
2018-07-02 09:30:46,599 DEBUG (Slf4jLogger.java:72)- [ProviderService#getUser] transfer-encoding: chunked
2018-07-02 09:30:46,599 DEBUG (Slf4jLogger.java:72)- [ProviderService#getUser] 
2018-07-02 09:30:46,600 DEBUG (Slf4jLogger.java:72)- [ProviderService#getUser] {"id":4,"name":"王五","age":87}
2018-07-02 09:30:46,600 DEBUG (Slf4jLogger.java:72)- [ProviderService#getUser] <--- END HTTP (33-byte body)
