2018-06-30 11:25:33,995 INFO (WebLogAspect.java:47)- URL : http://192.168.5.1:9001/users/list-all
2018-06-30 11:25:34,001 INFO (WebLogAspect.java:48)- HTTP_METHOD : GET
2018-06-30 11:25:34,001 INFO (WebLogAspect.java:49)- IP : 192.168.5.1
2018-06-30 11:25:34,073 INFO (WebLogAspect.java:50)- CLASS_METHOD : xyz.wongs.web.UserController.initDatas
2018-06-30 11:25:34,073 INFO (WebLogAspect.java:51)- ARGS : []
2018-06-30 11:25:34,240 INFO (WebLogAspect.java:69)- RESPONSE : null
2018-06-30 11:25:34,241 INFO (WebLogAspect.java:70)- SPEND TIME : 246
2018-06-30 11:34:09,426 INFO (SpringApplication.java:593)- No active profile set, falling back to default profiles: default
2018-06-30 11:34:16,562 INFO (StartupInfoLogger.java:57)- Started RibbonConsumerServiceApplication in 8.734 seconds (JVM running for 10.527)
2018-06-30 11:35:02,097 INFO (SpringApplication.java:593)- No active profile set, falling back to default profiles: default
2018-06-30 11:35:06,933 INFO (StartupInfoLogger.java:57)- Started RibbonConsumerServiceApplication in 6.337 seconds (JVM running for 8.65)
2018-06-30 11:36:54,259 INFO (SpringApplication.java:593)- No active profile set, falling back to default profiles: default
2018-06-30 11:36:58,899 INFO (StartupInfoLogger.java:57)- Started RibbonConsumerServiceApplication in 6.175 seconds (JVM running for 7.94)
2018-06-30 11:37:33,296 INFO (WebLogAspect.java:47)- URL : http://192.168.5.1:9001/users/
2018-06-30 11:37:33,300 INFO (WebLogAspect.java:48)- HTTP_METHOD : GET
2018-06-30 11:37:33,303 INFO (WebLogAspect.java:49)- IP : 192.168.5.1
2018-06-30 11:37:33,303 INFO (WebLogAspect.java:50)- CLASS_METHOD : xyz.wongs.web.UserController.getUserList
2018-06-30 11:37:33,303 INFO (WebLogAspect.java:51)- ARGS : []
2018-06-30 11:37:33,329 INFO (WebLogAspect.java:69)- RESPONSE : [xyz.wongs.domain.User@21725a19, xyz.wongs.domain.User@21795259, xyz.wongs.domain.User@64d415a, xyz.wongs.domain.User@118b6c82]
2018-06-30 11:37:33,332 INFO (WebLogAspect.java:70)- SPEND TIME : 36
2018-06-30 11:39:12,080 INFO (SpringApplication.java:593)- No active profile set, falling back to default profiles: default
2018-06-30 11:39:14,336 INFO (StartupInfoLogger.java:57)- Started RibbonConsumerServiceApplication in 3.512 seconds (JVM running for 143.377)
2018-06-30 11:40:05,612 INFO (SpringApplication.java:593)- No active profile set, falling back to default profiles: default
2018-06-30 11:40:07,405 INFO (StartupInfoLogger.java:57)- Started RibbonConsumerServiceApplication in 2.708 seconds (JVM running for 196.446)
2018-06-30 11:40:17,855 INFO (WebLogAspect.java:47)- URL : http://192.168.5.1:9001/users/
2018-06-30 11:40:17,859 INFO (WebLogAspect.java:48)- HTTP_METHOD : GET
2018-06-30 11:40:17,859 INFO (WebLogAspect.java:49)- IP : 192.168.5.1
2018-06-30 11:40:17,862 INFO (WebLogAspect.java:50)- CLASS_METHOD : xyz.wongs.web.UserController.getUserList
2018-06-30 11:40:17,863 INFO (WebLogAspect.java:51)- ARGS : []
2018-06-30 11:40:17,866 INFO (WebLogAspect.java:69)- RESPONSE : [xyz.wongs.domain.User@1e584fe6, xyz.wongs.domain.User@3de025d8, xyz.wongs.domain.User@70ea4900, xyz.wongs.domain.User@592704aa]
2018-06-30 11:40:17,866 INFO (WebLogAspect.java:70)- SPEND TIME : 11
2018-06-30 11:40:27,030 ERROR (UserController.java:129)- User{id=1, name='测试大师', age=20}
2018-06-30 11:40:28,910 ERROR (UserController.java:129)- User{id=2, name='AAA', age=20}
2018-06-30 11:40:31,007 ERROR (UserController.java:129)- User{id=3, name='李四', age=20}
2018-06-30 11:40:31,011 ERROR (UserController.java:129)- User{id=4, name='王五', age=87}
2018-06-30 11:52:47,691 INFO (SpringApplication.java:593)- No active profile set, falling back to default profiles: default
