2018-07-07 23:25:23,656 INFO (EventConfig.java:25)- 订单创建，待支付
2018-07-07 23:25:23,678 INFO (EventConfig.java:35)- 用户完成支付，待收货: start
2018-07-07 23:25:23,678 INFO (EventConfig.java:30)- 用户完成支付，待收货
2018-07-07 23:25:23,680 INFO (EventConfig.java:40)- 用户完成支付，待收货: end
2018-07-07 23:25:23,682 INFO (EventConfig.java:45)- 用户已收货，订单完成
2018-07-07 23:25:23,684 INFO (StartupInfoLogger.java:57)- Started ProviderServiceApplication in 11.848 seconds (JVM running for 18.665)
2018-07-07 23:25:53,850 INFO (SpringApplication.java:593)- No active profile set, falling back to default profiles: default
2018-07-07 23:26:04,711 INFO (EventConfig.java:25)- 订单创建，待支付
2018-07-07 23:26:04,767 INFO (EventConfig.java:35)- 用户完成支付，待收货: start
2018-07-07 23:26:04,768 INFO (EventConfig.java:30)- 用户完成支付，待收货
2018-07-07 23:26:04,769 INFO (EventConfig.java:40)- 用户完成支付，待收货: end
2018-07-07 23:26:04,771 INFO (EventConfig.java:45)- 用户已收货，订单完成
2018-07-07 23:26:04,773 INFO (StartupInfoLogger.java:57)- Started ProviderServiceApplication in 14.939 seconds (JVM running for 19.168)
2018-07-07 23:30:52,841 INFO (WebLogAspect.java:47)- URL : http://192.168.5.1:9001/users/2
2018-07-07 23:30:52,850 INFO (WebLogAspect.java:48)- HTTP_METHOD : GET
2018-07-07 23:30:52,850 INFO (WebLogAspect.java:49)- IP : 192.168.5.1
2018-07-07 23:30:52,852 INFO (WebLogAspect.java:50)- CLASS_METHOD : xyz.wongs.web.UserController.getUser
2018-07-07 23:30:52,854 INFO (WebLogAspect.java:51)- ARGS : [2]
2018-07-07 23:30:52,920 INFO (WebLogAspect.java:69)- RESPONSE : xyz.wongs.domain.User@6f15e053
2018-07-07 23:30:52,921 INFO (WebLogAspect.java:70)- SPEND TIME : 80
2018-07-07 23:40:43,799 INFO (WebLogAspect.java:47)- URL : http://192.168.5.1:9001/users/2
2018-07-07 23:40:43,802 INFO (WebLogAspect.java:48)- HTTP_METHOD : GET
2018-07-07 23:40:43,805 INFO (WebLogAspect.java:49)- IP : 192.168.5.1
2018-07-07 23:40:43,806 INFO (WebLogAspect.java:50)- CLASS_METHOD : xyz.wongs.web.UserController.getUser
2018-07-07 23:40:43,806 INFO (WebLogAspect.java:51)- ARGS : [2]
2018-07-07 23:40:43,810 INFO (WebLogAspect.java:69)- RESPONSE : xyz.wongs.domain.User@57be3310
2018-07-07 23:40:43,816 INFO (WebLogAspect.java:70)- SPEND TIME : 17
2018-07-07 23:43:05,985 INFO (SpringApplication.java:593)- No active profile set, falling back to default profiles: default
