2018-07-02 09:31:19,898 INFO (SpringApplication.java:593)- No active profile set, falling back to default profiles: default
2018-07-02 09:31:21,997 INFO (StartupInfoLogger.java:57)- Started HystrixConsumerFeignApplication in 2.659 seconds (JVM running for 482.921)
2018-07-02 09:32:08,308 DEBUG (Slf4jLogger.java:72)- [ProviderService#getUser] ---> GET http://PROVIDER-SERVICE/users/6 HTTP/1.1
2018-07-02 09:32:08,309 DEBUG (Slf4jLogger.java:72)- [ProviderService#getUser] ---> END HTTP (0-byte body)
2018-07-02 09:32:08,386 DEBUG (Slf4jLogger.java:72)- [ProviderService#getUser] <--- HTTP/1.1 200 (77ms)
2018-07-02 09:32:08,387 DEBUG (Slf4jLogger.java:72)- [ProviderService#getUser] content-type: application/json;charset=UTF-8
2018-07-02 09:32:08,388 DEBUG (Slf4jLogger.java:72)- [ProviderService#getUser] date: Mon, 02 Jul 2018 01:32:08 GMT
2018-07-02 09:32:08,388 DEBUG (Slf4jLogger.java:72)- [ProviderService#getUser] transfer-encoding: chunked
2018-07-02 09:32:08,388 DEBUG (Slf4jLogger.java:72)- [ProviderService#getUser] 
2018-07-02 09:32:08,388 DEBUG (Slf4jLogger.java:72)- [ProviderService#getUser] {"id":6,"name":"王五","age":87}
2018-07-02 09:32:08,388 DEBUG (Slf4jLogger.java:72)- [ProviderService#getUser] <--- END HTTP (33-byte body)
2018-07-02 09:35:19,697 INFO (SpringApplication.java:593)- No active profile set, falling back to default profiles: default
2018-07-02 09:35:25,171 INFO (StartupInfoLogger.java:57)- Started HystrixConsumerFeignApplication in 7.418 seconds (JVM running for 8.832)
2018-07-02 09:36:47,601 INFO (SpringApplication.java:593)- No active profile set, falling back to default profiles: default
2018-07-02 09:36:51,869 INFO (StartupInfoLogger.java:57)- Started HystrixConsumerFeignApplication in 4.971 seconds (JVM running for 95.53)
2018-07-02 09:36:59,191 INFO (SpringApplication.java:593)- No active profile set, falling back to default profiles: default
2018-07-02 09:37:04,680 INFO (StartupInfoLogger.java:57)- Started HystrixConsumerFeignApplication in 7.53 seconds (JVM running for 8.919)
2018-07-02 09:38:29,049 DEBUG (Slf4jLogger.java:72)- [ProviderService#getUser] ---> GET http://PROVIDER-SERVICE/users/6 HTTP/1.1
2018-07-02 09:38:29,049 DEBUG (Slf4jLogger.java:72)- [ProviderService#getUser] ---> END HTTP (0-byte body)
2018-07-02 09:38:29,374 DEBUG (Slf4jLogger.java:72)- [ProviderService#getUser] <--- HTTP/1.1 200 (324ms)
2018-07-02 09:38:29,374 DEBUG (Slf4jLogger.java:72)- [ProviderService#getUser] content-type: application/json;charset=UTF-8
2018-07-02 09:38:29,374 DEBUG (Slf4jLogger.java:72)- [ProviderService#getUser] date: Mon, 02 Jul 2018 01:38:29 GMT
2018-07-02 09:38:29,374 DEBUG (Slf4jLogger.java:72)- [ProviderService#getUser] transfer-encoding: chunked
2018-07-02 09:38:29,375 DEBUG (Slf4jLogger.java:72)- [ProviderService#getUser] 
2018-07-02 09:38:29,376 DEBUG (Slf4jLogger.java:72)- [ProviderService#getUser] {"id":6,"name":"王五","age":87}
2018-07-02 09:38:29,377 DEBUG (Slf4jLogger.java:72)- [ProviderService#getUser] <--- END HTTP (33-byte body)
2018-07-02 09:40:42,456 INFO (SpringApplication.java:593)- No active profile set, falling back to default profiles: default
2018-07-02 09:40:46,406 INFO (StartupInfoLogger.java:57)- Started HystrixConsumerFeignApplication in 4.93 seconds (JVM running for 230.645)
2018-07-02 09:41:38,269 DEBUG (Slf4jLogger.java:72)- [ProviderService#getUser] ---> GET http://PROVIDER-SERVICE/users/6 HTTP/1.1
2018-07-02 09:41:38,270 DEBUG (Slf4jLogger.java:72)- [ProviderService#getUser] ---> END HTTP (0-byte body)
2018-07-02 09:41:38,347 DEBUG (Slf4jLogger.java:72)- [ProviderService#getUser] <--- HTTP/1.1 200 (77ms)
2018-07-02 09:41:38,347 DEBUG (Slf4jLogger.java:72)- [ProviderService#getUser] content-type: application/json;charset=UTF-8
2018-07-02 09:41:38,348 DEBUG (Slf4jLogger.java:72)- [ProviderService#getUser] date: Mon, 02 Jul 2018 01:41:38 GMT
2018-07-02 09:41:38,348 DEBUG (Slf4jLogger.java:72)- [ProviderService#getUser] transfer-encoding: chunked
2018-07-02 09:41:38,348 DEBUG (Slf4jLogger.java:72)- [ProviderService#getUser] 
2018-07-02 09:41:38,348 DEBUG (Slf4jLogger.java:72)- [ProviderService#getUser] {"id":6,"name":"王五","age":87}
2018-07-02 09:41:38,348 DEBUG (Slf4jLogger.java:72)- [ProviderService#getUser] <--- END HTTP (33-byte body)
2018-07-02 09:41:45,703 DEBUG (Slf4jLogger.java:72)- [ProviderService#getUser] ---> GET http://PROVIDER-SERVICE/users/7 HTTP/1.1
2018-07-02 09:41:45,703 DEBUG (Slf4jLogger.java:72)- [ProviderService#getUser] ---> END HTTP (0-byte body)
2018-07-02 09:41:45,722 DEBUG (Slf4jLogger.java:72)- [ProviderService#getUser] <--- HTTP/1.1 200 (18ms)
2018-07-02 09:41:45,722 DEBUG (Slf4jLogger.java:72)- [ProviderService#getUser] content-type: application/json;charset=UTF-8
2018-07-02 09:41:45,722 DEBUG (Slf4jLogger.java:72)- [ProviderService#getUser] date: Mon, 02 Jul 2018 01:41:45 GMT
2018-07-02 09:41:45,722 DEBUG (Slf4jLogger.java:72)- [ProviderService#getUser] transfer-encoding: chunked
2018-07-02 09:41:45,722 DEBUG (Slf4jLogger.java:72)- [ProviderService#getUser] 
2018-07-02 09:41:45,722 DEBUG (Slf4jLogger.java:72)- [ProviderService#getUser] {"id":7,"name":"李四","age":20}
2018-07-02 09:41:45,724 DEBUG (Slf4jLogger.java:72)- [ProviderService#getUser] <--- END HTTP (33-byte body)
2018-07-02 09:42:04,226 DEBUG (Slf4jLogger.java:72)- [ProviderService#getUser] ---> GET http://PROVIDER-SERVICE/users/5 HTTP/1.1
2018-07-02 09:42:04,226 DEBUG (Slf4jLogger.java:72)- [ProviderService#getUser] ---> END HTTP (0-byte body)
2018-07-02 09:42:04,239 DEBUG (Slf4jLogger.java:72)- [ProviderService#getUser] <--- HTTP/1.1 200 (13ms)
2018-07-02 09:42:04,240 DEBUG (Slf4jLogger.java:72)- [ProviderService#getUser] content-type: application/json;charset=UTF-8
2018-07-02 09:42:04,240 DEBUG (Slf4jLogger.java:72)- [ProviderService#getUser] date: Mon, 02 Jul 2018 01:42:04 GMT
2018-07-02 09:42:04,240 DEBUG (Slf4jLogger.java:72)- [ProviderService#getUser] transfer-encoding: chunked
2018-07-02 09:42:04,240 DEBUG (Slf4jLogger.java:72)- [ProviderService#getUser] 
2018-07-02 09:42:04,241 DEBUG (Slf4jLogger.java:72)- [ProviderService#getUser] {"id":5,"name":"李四","age":20}
2018-07-02 09:42:04,241 DEBUG (Slf4jLogger.java:72)- [ProviderService#getUser] <--- END HTTP (33-byte body)
